<?xml version="1.0" encoding="UTF-8"?>
<testExecutions version="1">
  <file path="/Users/nicholasj.pino/Desktop/Web Development/super-design-system/packages/sds-ui/src/components/file-uploader/__tests__/FileUploader.test.tsx">
    <testCase name="FileUploader component successful file upload" duration="140"/>
    <testCase name="FileUploader component accepts only PDF files for upload" duration="133"/>
    <testCase name="FileUploader component displays an error for files larger than max size" duration="150"/>
    <testCase name="FileUploader component handles multiple file uploads" duration="132"/>
    <testCase name="FileUploader component displays an error when too many files are uploaded" duration="185"/>
  </file>
</testExecutions>