<?xml version="1.0" encoding="UTF-8"?>
<testExecutions version="1">
  <file path="/Users/nicholasj.pino/Desktop/Web Development/super-design-system/packages/sds-ui/src/ai-components/sidebar/__tests__/Sidebar.test.tsx">
    <testCase name="Sidebar Component Basic Rendering renders without crashing" duration="51"/>
    <testCase name="Sidebar Component Basic Rendering renders with default logo when no logo provided" duration="9"/>
    <testCase name="Sidebar Component Basic Rendering renders custom logo when provided" duration="5"/>
    <testCase name="Sidebar Component Basic Rendering renders custom header when provided" duration="4"/>
    <testCase name="Sidebar Component Basic Rendering renders footer when provided" duration="3"/>
    <testCase name="Sidebar Component Navigation Sections renders navigation sections with titles" duration="17"/>
    <testCase name="Sidebar Component Navigation Sections renders navigation items with labels" duration="15"/>
    <testCase name="Sidebar Component Navigation Sections renders navigation items with icons" duration="9"/>
    <testCase name="Sidebar Component Navigation Sections renders badges when provided" duration="48"/>
    <testCase name="Sidebar Component Navigation Sections renders links for items with href" duration="64"/>
    <testCase name="Sidebar Component Navigation Sections renders buttons for items with onClick" duration="39"/>
    <testCase name="Sidebar Component Item States applies active class to active items" duration="24"/>
    <testCase name="Sidebar Component Item States applies disabled state to disabled items" duration="28"/>
    <testCase name="Sidebar Component Item States handles click events on navigation items" duration="63"/>
    <testCase name="Sidebar Component Collapsible Functionality renders collapse button when collapsible is true" duration="9"/>
    <testCase name="Sidebar Component Collapsible Functionality does not render collapse button when collapsible is false" duration="3"/>
    <testCase name="Sidebar Component Collapsible Functionality calls onToggleCollapse when collapse button is clicked" duration="21"/>
    <testCase name="Sidebar Component Collapsible Functionality applies collapsed class when collapsed is true" duration="4"/>
    <testCase name="Sidebar Component Collapsible Functionality hides section titles when collapsed" duration="6"/>
    <testCase name="Sidebar Component Collapsible Functionality updates aria-label based on collapsed state" duration="18"/>
    <testCase name="Sidebar Component Variants applies base variant class by default" duration="4"/>
    <testCase name="Sidebar Component Variants applies compact variant class" duration="6"/>
    <testCase name="Sidebar Component Variants applies minimal variant class" duration="4"/>
    <testCase name="Sidebar Component Custom Styling applies custom className to sidebar" duration="3"/>
    <testCase name="Sidebar Component Custom Styling applies custom className to navigation buttons" duration="31"/>
    <testCase name="Sidebar Component Custom Styling applies item-specific className" duration="12"/>
    <testCase name="Sidebar Component Render Props uses custom renderHeader when provided" duration="3"/>
    <testCase name="Sidebar Component Render Props uses custom renderNavItem when provided" duration="7"/>
    <testCase name="Sidebar Component Render Props uses section-level renderItem when provided" duration="3"/>
    <testCase name="Sidebar Component Element Customization renders with custom root element" duration="4"/>
    <testCase name="Sidebar Component Element Customization renders navigation items with custom element" duration="8"/>
    <testCase name="Sidebar Component Accessibility has proper ARIA labels for collapse button" duration="12"/>
    <testCase name="Sidebar Component Accessibility uses semantic navigation elements" duration="13"/>
    <testCase name="Sidebar Component Accessibility maintains focus management for keyboard navigation" duration="27"/>
    <testCase name="Sidebar Component Compound Components renders SidebarSection with title" duration="2"/>
    <testCase name="Sidebar Component Compound Components renders SidebarItem with all props" duration="17"/>
    <testCase name="Sidebar Component Compound Components renders SidebarItem as custom element" duration="7"/>
    <testCase name="Sidebar Component Error Handling handles missing sections gracefully" duration="6"/>
    <testCase name="Sidebar Component Error Handling handles empty sections array" duration="4"/>
    <testCase name="Sidebar Component Error Handling handles items without icons" duration="6"/>
    <testCase name="Sidebar Component Forward Ref forwards ref to the root element" duration="7"/>
  </file>
  <file path="/Users/nicholasj.pino/Desktop/Web Development/super-design-system/packages/sds-ui/src/ai-components/sidebar/__tests__/SidebarMenu.tsx">
    <testCase name="SidebarMenu renders trigger and opens/closes menu" duration="64"/>
  </file>
  <file path="/Users/nicholasj.pino/Desktop/Web Development/super-design-system/packages/sds-ui/src/ai-components/sidebar/__tests__/SidebarAccordion.test.tsx">
    <testCase name="Sidebar Accordion Behavior toggles multiple sections independently" duration="207"/>
    <testCase name="Sidebar Accordion Behavior hides section titles and disables toggling when sidebar is collapsed" duration="23"/>
    <testCase name="Sidebar Accordion Behavior responds to collapsed prop changes and updates UI accordingly" duration="62"/>
  </file>
</testExecutions>