<?xml version="1.0" encoding="UTF-8"?>
<testExecutions version="1">
  <file path="/Users/nicholasj.pino/Desktop/Web Development/super-design-system/packages/sds-ui/src/components/toggle-group/__tests__/ToggleGroup.test.tsx">
    <testCase name="ToggleGroup renders with default value" duration="89"/>
    <testCase name="ToggleGroup calls onValueChange when clicking on a toggle item" duration="24"/>
    <testCase name="ToggleGroup shows correct selected state based on value prop" duration="17"/>
  </file>
</testExecutions>